TN:
SF:C:\Users\User\Documents\TAC_Bouhallaf\TP2\src\calc.js
FN:1,calc
FN:6,(anonymous_2)
FN:16,(anonymous_3)
FN:45,doComputation
FNF:4
FNH:0
FNDA:0,calc
FNDA:0,(anonymous_2)
FNDA:0,(anonymous_3)
FNDA:0,doComputation
DA:1,1
DA:2,0
DA:3,0
DA:6,1
DA:7,0
DA:8,0
DA:9,0
DA:11,0
DA:12,0
DA:16,1
DA:17,0
DA:19,0
DA:22,0
DA:23,0
DA:25,0
DA:26,0
DA:27,0
DA:28,0
DA:30,0
DA:31,0
DA:32,0
DA:35,0
DA:39,0
DA:40,0
DA:45,1
DA:46,0
DA:47,0
DA:48,0
LF:28
LH:4
BRDA:7,1,0,0
BRDA:7,1,1,0
BRDA:26,2,0,0
BRDA:26,2,1,0
BRDA:30,3,0,0
BRDA:30,3,1,0
BRF:6
BRH:0
end_of_record
TN:
SF:C:\Users\User\Documents\TAC_Bouhallaf\TP2\src\fabrique.js
FNF:0
FNH:0
LF:0
LH:0
BRF:0
BRH:0
end_of_record
TN:
SF:C:\Users\User\Documents\TAC_Bouhallaf\TP2\src\fabrique_ops.js
FNF:0
FNH:0
LF:0
LH:0
BRF:0
BRH:0
end_of_record
TN:
SF:C:\Users\User\Documents\TAC_Bouhallaf\TP2\src\money.js
FN:1,(anonymous_1)
FN:2,money
FN:16,(anonymous_3)
FN:19,(anonymous_4)
FN:22,(anonymous_5)
FN:30,toString
FNF:6
FNH:5
FNDA:1,(anonymous_1)
FNDA:7,money
FNDA:9,(anonymous_3)
FNDA:13,(anonymous_4)
FNDA:4,(anonymous_5)
FNDA:0,toString
DA:1,1
DA:2,1
DA:3,7
DA:4,1
DA:5,6
DA:6,0
DA:7,6
DA:8,0
DA:9,6
DA:10,0
DA:12,6
DA:13,6
DA:16,1
DA:17,9
DA:19,1
DA:20,13
DA:22,1
DA:23,4
DA:24,2
DA:25,2
DA:26,0
DA:28,2
DA:30,1
DA:31,0
DA:33,1
LF:25
LH:20
BRDA:3,1,0,1
BRDA:3,1,1,6
BRDA:5,2,0,0
BRDA:5,2,1,6
BRDA:7,3,0,0
BRDA:7,3,1,6
BRDA:7,4,0,6
BRDA:7,4,1,6
BRDA:9,5,0,0
BRDA:9,5,1,6
BRDA:23,6,0,2
BRDA:23,6,1,2
BRDA:23,7,0,4
BRDA:23,7,1,3
BRDA:25,8,0,0
BRDA:25,8,1,2
BRDA:25,9,0,2
BRDA:25,9,1,1
BRF:18
BRH:14
end_of_record
TN:
SF:C:\Users\User\Documents\TAC_Bouhallaf\TP2\src\money_exc.js
FN:1,DevisesIncompatibleExc
FN:5,(anonymous_2)
FN:9,CurrencyBigger
FN:13,(anonymous_4)
FN:17,MoneyNegative
FN:21,(anonymous_6)
FN:25,MoneyNull
FN:26,(anonymous_8)
FN:30,NotNumber
FN:31,(anonymous_10)
FNF:10
FNH:2
FNDA:0,DevisesIncompatibleExc
FNDA:0,(anonymous_2)
FNDA:0,CurrencyBigger
FNDA:0,(anonymous_4)
FNDA:1,MoneyNegative
FNDA:1,(anonymous_6)
FNDA:0,MoneyNull
FNDA:0,(anonymous_8)
FNDA:0,NotNumber
FNDA:0,(anonymous_10)
DA:1,1
DA:2,0
DA:5,1
DA:6,0
DA:9,1
DA:10,0
DA:13,1
DA:14,0
DA:17,1
DA:18,1
DA:21,1
DA:22,1
DA:25,1
DA:26,1
DA:27,0
DA:30,1
DA:31,1
DA:32,0
LF:18
LH:12
BRF:0
BRH:0
end_of_record
TN:
SF:C:\Users\User\Documents\TAC_Bouhallaf\TP2\src\money_ops.js
FN:1,(anonymous_1)
FN:4,(anonymous_2)
FN:10,(anonymous_3)
FNF:3
FNH:0
FNDA:0,(anonymous_1)
FNDA:0,(anonymous_2)
FNDA:0,(anonymous_3)
DA:1,1
DA:4,1
DA:5,0
DA:6,0
DA:8,0
DA:10,1
DA:11,0
DA:12,0
LF:8
LH:3
BRDA:5,1,0,0
BRDA:5,1,1,0
BRDA:11,2,0,0
BRDA:11,2,1,0
BRF:4
BRH:0
end_of_record
